#
# There is insufficient memory for the Java Runtime Environment to continue.
# Native memory allocation (malloc) failed to allocate 658416 bytes for Chunk::new
# Possible reasons:
#   The system is out of physical RAM or swap space
#   In 32 bit mode, the process size limit was hit
# Possible solutions:
#   Reduce memory load on the system
#   Increase physical memory or swap space
#   Check if swap backing store is full
#   Use 64 bit Java on a 64 bit OS
#   Decrease Java heap size (-Xmx/-Xms)
#   Decrease number of Java threads
#   Decrease Java thread stack sizes (-Xss)
#   Set larger code cache with -XX:ReservedCodeCacheSize=
# This output file may be truncated or incomplete.
#
#  Out of Memory Error (allocation.cpp:390), pid=8428, tid=0x0000000000002614
#
# JRE version: OpenJDK Runtime Environment (8.0_152-b02) (build 1.8.0_152-release-1024-b02)
# Java VM: OpenJDK 64-Bit Server VM (25.152-b02 mixed mode windows-amd64 compressed oops)
# Failed to write core dump. Minidumps are not enabled by default on client versions of Windows
#

---------------  T H R E A D  ---------------

Current thread (0x000000001863c000):  JavaThread "C2 CompilerThread1" daemon [_thread_in_native, id=9748, stack(0x0000000018cf0000,0x0000000018df0000)]

Stack: [0x0000000018cf0000,0x0000000018df0000]
[error occurred during error reporting (printing stack bounds), id 0xc0000005]

Native frames: (J=compiled Java code, j=interpreted, Vv=VM code, C=native code)


Current CompileTask:
C2:4001317 22989       4       java.util.Formatter::<init> (23 bytes)


---------------  P R O C E S S  ---------------

Java Threads: ( => current thread )
  0x000000001c843000 JavaThread "Task worker for ':' Thread 5" [_thread_blocked, id=8284, stack(0x0000000053320000,0x0000000053420000)]
  0x000000001c84a000 JavaThread "Task worker for ':' Thread 4" [_thread_blocked, id=6688, stack(0x0000000053220000,0x0000000053320000)]
  0x000000001c848800 JavaThread "Task worker for ':' Thread 3" [_thread_blocked, id=11172, stack(0x0000000053120000,0x0000000053220000)]
  0x000000001c847800 JavaThread "Task worker for ':' Thread 2" [_thread_blocked, id=9736, stack(0x0000000053020000,0x0000000053120000)]
  0x000000001c842800 JavaThread "Task worker for ':'" [_thread_in_native, id=3280, stack(0x0000000052f20000,0x0000000053020000)]
  0x000000001c849000 JavaThread "Cache worker for Build Output Cleanup Cache (C:\Users\User\Desktop\lab2\.gradle\buildOutputCleanup)" [_thread_blocked, id=7676, stack(0x0000000052e20000,0x0000000052f20000)]
  0x000000001c847000 JavaThread "Cache worker for task history cache (C:\Users\User\Desktop\lab2\.gradle\4.4\taskHistory)" [_thread_blocked, id=4552, stack(0x0000000052d20000,0x0000000052e20000)]
  0x000000001c846000 JavaThread "Cache worker for file content cache (C:\Users\User\Desktop\lab2\.gradle\4.4\fileContent)" [_thread_blocked, id=884, stack(0x0000000052c20000,0x0000000052d20000)]
  0x000000001c841800 JavaThread "build operations Thread 6" [_thread_blocked, id=7908, stack(0x0000000052b20000,0x0000000052c20000)]
  0x000000001c844800 JavaThread "build operations Thread 5" [_thread_blocked, id=11876, stack(0x0000000052a20000,0x0000000052b20000)]
  0x00000000196df000 JavaThread "build operations Thread 4" [_thread_blocked, id=5952, stack(0x0000000052920000,0x0000000052a20000)]
  0x00000000196dd000 JavaThread "build operations Thread 3" [_thread_blocked, id=8004, stack(0x0000000052820000,0x0000000052920000)]
  0x00000000196dc000 JavaThread "build operations Thread 2" [_thread_blocked, id=5064, stack(0x0000000052720000,0x0000000052820000)]
  0x00000000196db800 JavaThread "build operations" [_thread_blocked, id=7104, stack(0x0000000052620000,0x0000000052720000)]
  0x00000000196e1800 JavaThread "Cache worker for Artifact transforms cache (C:\Users\User\.gradle\caches\transforms-1)" [_thread_blocked, id=2864, stack(0x0000000052520000,0x0000000052620000)]
  0x00000000196e2000 JavaThread "Cache worker for file hash cache (C:\Users\User\Desktop\lab2\.gradle\4.4\fileHashes)" [_thread_blocked, id=7592, stack(0x0000000052420000,0x0000000052520000)]
  0x00000000196e0800 JavaThread "Stdin handler" [_thread_blocked, id=8292, stack(0x0000000052320000,0x0000000052420000)]
  0x00000000196d4000 JavaThread "Asynchronous log dispatcher for DefaultDaemonConnection: socket connection from /127.0.0.1:6780 to /127.0.0.1:7385" [_thread_blocked, id=10404, stack(0x0000000052220000,0x0000000052320000)]
  0x00000000196d3000 JavaThread "Daemon worker Thread 7" [_thread_blocked, id=8992, stack(0x0000000052120000,0x0000000052220000)]
  0x00000000196da000 JavaThread "Cancel handler" [_thread_blocked, id=652, stack(0x0000000052020000,0x0000000052120000)]
  0x00000000196d9000 JavaThread "Handler for socket connection from /127.0.0.1:6780 to /127.0.0.1:7385" [_thread_in_native, id=11768, stack(0x0000000051f20000,0x0000000052020000)]
  0x00000000196d7000 JavaThread "Daemon Thread 7" [_thread_blocked, id=4892, stack(0x0000000051e20000,0x0000000051f20000)]
  0x00000000196d6000 JavaThread "Memory manager" [_thread_blocked, id=10080, stack(0x0000000022b90000,0x0000000022c90000)]
  0x000000001a46d000 JavaThread "File lock request listener" [_thread_in_native, id=1744, stack(0x000000001bab0000,0x000000001bbb0000)]
  0x000000001a354800 JavaThread "Cache worker for file hash cache (C:\Users\User\.gradle\caches\4.4\fileHashes)" [_thread_blocked, id=1968, stack(0x000000001b9b0000,0x000000001bab0000)]
  0x000000001a076800 JavaThread "Daemon periodic checks" [_thread_blocked, id=12224, stack(0x000000001aeb0000,0x000000001afb0000)]
  0x000000001a06c000 JavaThread "Incoming local TCP Connector on port 6780" [_thread_in_native, id=11840, stack(0x000000001aac0000,0x000000001abc0000)]
  0x00000000186b3000 JavaThread "Service Thread" daemon [_thread_blocked, id=11688, stack(0x0000000018ef0000,0x0000000018ff0000)]
  0x000000001863d000 JavaThread "C1 CompilerThread2" daemon [_thread_blocked, id=4924, stack(0x0000000018df0000,0x0000000018ef0000)]
=>0x000000001863c000 JavaThread "C2 CompilerThread1" daemon [_thread_in_native, id=9748, stack(0x0000000018cf0000,0x0000000018df0000)]
  0x0000000016c2d000 JavaThread "C2 CompilerThread0" daemon [_thread_blocked, id=10204, stack(0x0000000018bf0000,0x0000000018cf0000)]
  0x0000000016c21000 JavaThread "Attach Listener" daemon [_thread_blocked, id=8604, stack(0x0000000018af0000,0x0000000018bf0000)]
  0x0000000016c20000 JavaThread "Signal Dispatcher" daemon [_thread_blocked, id=4948, stack(0x00000000189f0000,0x0000000018af0000)]
  0x0000000016bfa800 JavaThread "Finalizer" daemon [_thread_blocked, id=9752, stack(0x0000000018490000,0x0000000018590000)]
  0x0000000003054000 JavaThread "Reference Handler" daemon [_thread_blocked, id=9720, stack(0x0000000018390000,0x0000000018490000)]
  0x000000000162e000 JavaThread "main" [_thread_blocked, id=10908, stack(0x0000000001520000,0x0000000001620000)]

Other Threads:
  0x0000000016bd6000 VMThread [stack: 0x0000000018290000,0x0000000018390000] [id=12260]
  0x00000000186b4000 WatcherThread [stack: 0x0000000018ff0000,0x00000000190f0000] [id=10468]

VM state:not at safepoint (normal execution)

VM Mutex/Monitor currently owned by a thread: None

Heap:
 PSYoungGen      total 492032K, used 220142K [0x00000000e0000000, 0x0000000100000000, 0x0000000100000000)
  eden space 461824K, 43% used [0x00000000e0000000,0x00000000ec515bd0,0x00000000fc300000)
  from space 30208K, 60% used [0x00000000fe280000,0x00000000ff465f48,0x0000000100000000)
  to   space 31232K, 0% used [0x00000000fc300000,0x00000000fc300000,0x00000000fe180000)
 ParOldGen       total 131072K, used 73363K [0x00000000a0000000, 0x00000000a8000000, 0x00000000e0000000)
  object space 131072K, 55% used [0x00000000a0000000,0x00000000a47a4c18,0x00000000a8000000)
 Metaspace       used 93228K, capacity 98064K, committed 98264K, reserved 1134592K
  class space    used 11783K, capacity 12729K, committed 12800K, reserved 1048576K

Card table byte_map: [0x0000000012420000,0x0000000012730000] byte_map_base: 0x0000000011f20000

Marking Bits: (ParMarkBitMap*) 0x0000000065d64970
 Begin Bits: [0x0000000012f30000, 0x0000000014730000)
 End Bits:   [0x0000000014730000, 0x0000000015f30000)

Polling page: 0x0000000001480000

CodeCache: size=245760Kb used=61143Kb max_used=61157Kb free=184616Kb
 bounds [0x0000000003060000, 0x0000000006ca0000, 0x0000000012060000]
 total_blobs=19086 nmethods=18188 adapters=808
 compilation: enabled

Compilation events (10 events):
Event: 4000.311 Thread 0x000000001863d000 nmethod 23017 0x000000000509b390 code [0x000000000509b580, 0x000000000509c018]
Event: 4000.311 Thread 0x000000001863d000 23018       3       org.gradle.internal.logging.progress.DefaultProgressLoggerFactory$ProgressLoggerImpl::started (7 bytes)
Event: 4000.312 Thread 0x000000001863d000 nmethod 23018 0x0000000006244a50 code [0x0000000006244bc0, 0x0000000006244d68]
Event: 4000.328 Thread 0x0000000016c2d000 nmethod 23009 0x00000000052ac390 code [0x00000000052ac5a0, 0x00000000052ad470]
Event: 4000.328 Thread 0x0000000016c2d000 23019       4       org.gradle.internal.Actions$CompositeAction::execute (40 bytes)
Event: 4000.336 Thread 0x0000000016c2d000 nmethod 23019 0x0000000005f65810 code [0x0000000005f65a20, 0x0000000005f663a0]
Event: 4000.337 Thread 0x0000000016c2d000 23021       4       org.gradle.api.internal.artifacts.dependencies.DefaultImmutableVersionConstraint::<init> (46 bytes)
Event: 4000.340 Thread 0x0000000016c2d000 nmethod 23021 0x00000000045c9d10 code [0x00000000045c9e80, 0x00000000045ca1d8]
Event: 4000.340 Thread 0x0000000016c2d000 23020       4       java.io.ObjectInputStream$BlockDataInputStream::peek (55 bytes)
Event: 4000.346 Thread 0x0000000016c2d000 nmethod 23020 0x00000000068a5910 code [0x00000000068a5aa0, 0x00000000068a60d8]

GC Heap History (10 events):
Event: 3102.028 GC heap before
{Heap before GC invocations=21 (full 3):
 PSYoungGen      total 464896K, used 464877K [0x00000000e0000000, 0x0000000100000000, 0x0000000100000000)
  eden space 442368K, 100% used [0x00000000e0000000,0x00000000fb000000,0x00000000fb000000)
  from space 22528K, 99% used [0x00000000fb000000,0x00000000fc5fb740,0x00000000fc600000)
  to   space 29696K, 0% used [0x00000000fe300000,0x00000000fe300000,0x0000000100000000)
 ParOldGen       total 131072K, used 62414K [0x00000000a0000000, 0x00000000a8000000, 0x00000000e0000000)
  object space 131072K, 47% used [0x00000000a0000000,0x00000000a3cf3940,0x00000000a8000000)
 Metaspace       used 89551K, capacity 93630K, committed 93784K, reserved 1130496K
  class space    used 11431K, capacity 12324K, committed 12416K, reserved 1048576K
Event: 3102.047 GC heap after
Heap after GC invocations=21 (full 3):
 PSYoungGen      total 496128K, used 11967K [0x00000000e0000000, 0x0000000100000000, 0x0000000100000000)
  eden space 466432K, 0% used [0x00000000e0000000,0x00000000e0000000,0x00000000fc780000)
  from space 29696K, 40% used [0x00000000fe300000,0x00000000feeaff70,0x0000000100000000)
  to   space 28160K, 0% used [0x00000000fc780000,0x00000000fc780000,0x00000000fe300000)
 ParOldGen       total 131072K, used 73347K [0x00000000a0000000, 0x00000000a8000000, 0x00000000e0000000)
  object space 131072K, 55% used [0x00000000a0000000,0x00000000a47a0c18,0x00000000a8000000)
 Metaspace       used 89551K, capacity 93630K, committed 93784K, reserved 1130496K
  class space    used 11431K, capacity 12324K, committed 12416K, reserved 1048576K
}
Event: 3103.052 GC heap before
{Heap before GC invocations=22 (full 3):
 PSYoungGen      total 496128K, used 478399K [0x00000000e0000000, 0x0000000100000000, 0x0000000100000000)
  eden space 466432K, 100% used [0x00000000e0000000,0x00000000fc780000,0x00000000fc780000)
  from space 29696K, 40% used [0x00000000fe300000,0x00000000feeaff70,0x0000000100000000)
  to   space 28160K, 0% used [0x00000000fc780000,0x00000000fc780000,0x00000000fe300000)
 ParOldGen       total 131072K, used 73347K [0x00000000a0000000, 0x00000000a8000000, 0x00000000e0000000)
  object space 131072K, 55% used [0x00000000a0000000,0x00000000a47a0c18,0x00000000a8000000)
 Metaspace       used 89936K, capacity 94012K, committed 94296K, reserved 1130496K
  class space    used 11432K, capacity 12325K, committed 12416K, reserved 1048576K
Event: 3103.074 GC heap after
Heap after GC invocations=22 (full 3):
 PSYoungGen      total 494592K, used 17819K [0x00000000e0000000, 0x00000000fff80000, 0x0000000100000000)
  eden space 466432K, 0% used [0x00000000e0000000,0x00000000e0000000,0x00000000fc780000)
  from space 28160K, 63% used [0x00000000fc780000,0x00000000fd8e6ed8,0x00000000fe300000)
  to   space 28672K, 0% used [0x00000000fe380000,0x00000000fe380000,0x00000000fff80000)
 ParOldGen       total 131072K, used 73347K [0x00000000a0000000, 0x00000000a8000000, 0x00000000e0000000)
  object space 131072K, 55% used [0x00000000a0000000,0x00000000a47a0c18,0x00000000a8000000)
 Metaspace       used 89936K, capacity 94012K, committed 94296K, reserved 1130496K
  class space    used 11432K, capacity 12325K, committed 12416K, reserved 1048576K
}
Event: 3103.776 GC heap before
{Heap before GC invocations=23 (full 3):
 PSYoungGen      total 494592K, used 484251K [0x00000000e0000000, 0x00000000fff80000, 0x0000000100000000)
  eden space 466432K, 100% used [0x00000000e0000000,0x00000000fc780000,0x00000000fc780000)
  from space 28160K, 63% used [0x00000000fc780000,0x00000000fd8e6ed8,0x00000000fe300000)
  to   space 28672K, 0% used [0x00000000fe380000,0x00000000fe380000,0x00000000fff80000)
 ParOldGen       total 131072K, used 73347K [0x00000000a0000000, 0x00000000a8000000, 0x00000000e0000000)
  object space 131072K, 55% used [0x00000000a0000000,0x00000000a47a0c18,0x00000000a8000000)
 Metaspace       used 90045K, capacity 94208K, committed 94552K, reserved 1132544K
  class space    used 11433K, capacity 12325K, committed 12416K, reserved 1048576K
Event: 3103.786 GC heap after
Heap after GC invocations=23 (full 3):
 PSYoungGen      total 495104K, used 9169K [0x00000000e0000000, 0x00000000ffe80000, 0x0000000100000000)
  eden space 467456K, 0% used [0x00000000e0000000,0x00000000e0000000,0x00000000fc880000)
  from space 27648K, 33% used [0x00000000fe380000,0x00000000fec745e0,0x00000000ffe80000)
  to   space 27648K, 0% used [0x00000000fc880000,0x00000000fc880000,0x00000000fe380000)
 ParOldGen       total 131072K, used 73347K [0x00000000a0000000, 0x00000000a8000000, 0x00000000e0000000)
  object space 131072K, 55% used [0x00000000a0000000,0x00000000a47a0c18,0x00000000a8000000)
 Metaspace       used 90045K, capacity 94208K, committed 94552K, reserved 1132544K
  class space    used 11433K, capacity 12325K, committed 12416K, reserved 1048576K
}
Event: 3106.434 GC heap before
{Heap before GC invocations=24 (full 3):
 PSYoungGen      total 495104K, used 476625K [0x00000000e0000000, 0x00000000ffe80000, 0x0000000100000000)
  eden space 467456K, 100% used [0x00000000e0000000,0x00000000fc880000,0x00000000fc880000)
  from space 27648K, 33% used [0x00000000fe380000,0x00000000fec745e0,0x00000000ffe80000)
  to   space 27648K, 0% used [0x00000000fc880000,0x00000000fc880000,0x00000000fe380000)
 ParOldGen       total 131072K, used 73347K [0x00000000a0000000, 0x00000000a8000000, 0x00000000e0000000)
  object space 131072K, 55% used [0x00000000a0000000,0x00000000a47a0c18,0x00000000a8000000)
 Metaspace       used 90791K, capacity 94986K, committed 95064K, reserved 1132544K
  class space    used 11495K, capacity 12388K, committed 12416K, reserved 1048576K
Event: 3106.458 GC heap after
Heap after GC invocations=24 (full 3):
 PSYoungGen      total 494080K, used 26555K [0x00000000e0000000, 0x0000000100000000, 0x0000000100000000)
  eden space 467456K, 0% used [0x00000000e0000000,0x00000000e0000000,0x00000000fc880000)
  from space 26624K, 99% used [0x00000000fc880000,0x00000000fe26ef80,0x00000000fe280000)
  to   space 30208K, 0% used [0x00000000fe280000,0x00000000fe280000,0x0000000100000000)
 ParOldGen       total 131072K, used 73355K [0x00000000a0000000, 0x00000000a8000000, 0x00000000e0000000)
  object space 131072K, 55% used [0x00000000a0000000,0x00000000a47a2c18,0x00000000a8000000)
 Metaspace       used 90791K, capacity 94986K, committed 95064K, reserved 1132544K
  class space    used 11495K, capacity 12388K, committed 12416K, reserved 1048576K
}
Event: 3606.262 GC heap before
{Heap before GC invocations=25 (full 3):
 PSYoungGen      total 494080K, used 494011K [0x00000000e0000000, 0x0000000100000000, 0x0000000100000000)
  eden space 467456K, 100% used [0x00000000e0000000,0x00000000fc880000,0x00000000fc880000)
  from space 26624K, 99% used [0x00000000fc880000,0x00000000fe26ef80,0x00000000fe280000)
  to   space 30208K, 0% used [0x00000000fe280000,0x00000000fe280000,0x0000000100000000)
 ParOldGen       total 131072K, used 73355K [0x00000000a0000000, 0x00000000a8000000, 0x00000000e0000000)
  object space 131072K, 55% used [0x00000000a0000000,0x00000000a47a2c18,0x00000000a8000000)
 Metaspace       used 92298K, capacity 96814K, committed 97112K, reserved 1134592K
  class space    used 11697K, capacity 12624K, committed 12672K, reserved 1048576K
Event: 3606.277 GC heap after
Heap after GC invocations=25 (full 3):
 PSYoungGen      total 492032K, used 18327K [0x00000000e0000000, 0x0000000100000000, 0x0000000100000000)
  eden space 461824K, 0% used [0x00000000e0000000,0x00000000e0000000,0x00000000fc300000)
  from space 30208K, 60% used [0x00000000fe280000,0x00000000ff465f48,0x0000000100000000)
  to   space 31232K, 0% used [0x00000000fc300000,0x00000000fc300000,0x00000000fe180000)
 ParOldGen       total 131072K, used 73363K [0x00000000a0000000, 0x00000000a8000000, 0x00000000e0000000)
  object space 131072K, 55% used [0x00000000a0000000,0x00000000a47a4c18,0x00000000a8000000)
 Metaspace       used 92298K, capacity 96814K, committed 97112K, reserved 1134592K
  class space    used 11697K, capacity 12624K, committed 12672K, reserved 1048576K
}

Deoptimization events (10 events):
Event: 3688.901 Thread 0x000000001c850000 Uncommon trap: reason=bimorphic action=maybe_recompile pc=0x00000000068f0560 method=com.sun.tools.javac.code.Types$19.visitClassType(Lcom/sun/tools/javac/code/Type$ClassType;Ljava/lang/Void;)Lcom/sun/tools/javac/util/List; @ 46
Event: 3689.057 Thread 0x000000001c850000 Uncommon trap: reason=class_check action=maybe_recompile pc=0x0000000003586a1c method=java.lang.AbstractStringBuilder.append(Ljava/lang/CharSequence;)Ljava/lang/AbstractStringBuilder; @ 26
Event: 3689.057 Thread 0x000000001c850000 Uncommon trap: reason=class_check action=maybe_recompile pc=0x0000000003ce56f0 method=java.lang.AbstractStringBuilder.append(Ljava/lang/CharSequence;II)Ljava/lang/AbstractStringBuilder; @ 18
Event: 3689.058 Thread 0x000000001c850000 Uncommon trap: reason=class_check action=maybe_recompile pc=0x0000000003586a1c method=java.lang.AbstractStringBuilder.append(Ljava/lang/CharSequence;)Ljava/lang/AbstractStringBuilder; @ 26
Event: 3689.058 Thread 0x000000001c850000 Uncommon trap: reason=class_check action=maybe_recompile pc=0x0000000003ce56f0 method=java.lang.AbstractStringBuilder.append(Ljava/lang/CharSequence;II)Ljava/lang/AbstractStringBuilder; @ 18
Event: 3690.318 Thread 0x0000000025895800 Uncommon trap: reason=unstable_if action=reinterpret pc=0x00000000069ee800 method=com.android.tools.r8.graph.DexDebugEventBuilder.build()Lcom/android/tools/r8/graph/DexDebugInfo; @ 47
Event: 3690.838 Thread 0x00000000196da000 Uncommon trap: reason=class_check action=maybe_recompile pc=0x00000000067866d8 method=java.util.stream.MatchOps$MatchOp.evaluateSequential(Ljava/util/stream/PipelineHelper;Ljava/util/Spliterator;)Ljava/lang/Boolean; @ 14
Event: 3690.838 Thread 0x00000000196da000 Uncommon trap: reason=bimorphic action=maybe_recompile pc=0x0000000006641cac method=java.util.stream.AbstractPipeline.copyIntoWithCancel(Ljava/util/stream/Sink;Ljava/util/Spliterator;)V @ 24
Event: 3690.838 Thread 0x00000000196da000 Uncommon trap: reason=bimorphic action=maybe_recompile pc=0x0000000006202728 method=java.util.stream.ReferencePipeline.forEachWithCancel(Ljava/util/Spliterator;Ljava/util/stream/Sink;)V @ 1
Event: 3690.838 Thread 0x00000000196da000 Uncommon trap: reason=class_check action=maybe_recompile pc=0x00000000058dda5c method=java.util.Spliterators$ArraySpliterator.tryAdvance(Ljava/util/function/Consumer;)Z @ 49

Classes redefined (0 events):
No events

Internal exceptions (10 events):
Event: 3606.450 Thread 0x00000000196d9000 Exception <a 'sun/nio/fs/WindowsException'> (0x00000000e0b36810) thrown at [D:\src\AOSP-openjdk-cygwin\jdk8u\hotspot\src\share\vm\prims\jni.cpp, line 709]
Event: 3607.249 Thread 0x0000000025893000 Implicit null exception at 0x0000000005b7cf19 to 0x0000000005b7d3c1
Event: 3687.462 Thread 0x000000001c842800 Exception <a 'sun/nio/fs/WindowsException'> (0x00000000e2e696a0) thrown at [D:\src\AOSP-openjdk-cygwin\jdk8u\hotspot\src\share\vm\prims\jni.cpp, line 709]
Event: 3690.233 Thread 0x00000000196e2000 Exception <a 'sun/nio/fs/WindowsException'> (0x00000000e7f55c98) thrown at [D:\src\AOSP-openjdk-cygwin\jdk8u\hotspot\src\share\vm\prims\jni.cpp, line 709]
Event: 3690.236 Thread 0x00000000196e0800 Exception <a 'sun/nio/fs/WindowsException'> (0x00000000e7f09d68) thrown at [D:\src\AOSP-openjdk-cygwin\jdk8u\hotspot\src\share\vm\prims\jni.cpp, line 709]
Event: 3690.244 Thread 0x00000000196dd800 Exception <a 'sun/nio/fs/WindowsException'> (0x00000000e8174e60) thrown at [D:\src\AOSP-openjdk-cygwin\jdk8u\hotspot\src\share\vm\prims\jni.cpp, line 709]
Event: 3690.323 Thread 0x0000000025895800 Exception <a 'sun/nio/fs/WindowsException'> (0x00000000e8dd8a30) thrown at [D:\src\AOSP-openjdk-cygwin\jdk8u\hotspot\src\share\vm\prims\jni.cpp, line 709]
Event: 3690.777 Thread 0x00000000196e0800 Exception <a 'sun/nio/fs/WindowsException'> (0x00000000e9396a50) thrown at [D:\src\AOSP-openjdk-cygwin\jdk8u\hotspot\src\share\vm\prims\jni.cpp, line 709]
Event: 3690.796 Thread 0x0000000025897000 Exception <a 'sun/nio/fs/WindowsException'> (0x00000000e98b15e0) thrown at [D:\src\AOSP-openjdk-cygwin\jdk8u\hotspot\src\share\vm\prims\jni.cpp, line 709]
Event: 4000.208 Thread 0x00000000196d3000 Exception <a 'sun/nio/fs/WindowsException'> (0x00000000eb6b5398) thrown at [D:\src\AOSP-openjdk-cygwin\jdk8u\hotspot\src\share\vm\prims\jni.cpp, line 709]

Events (10 events):
Event: 4000.312 Executing VM operation: RevokeBias
Event: 4000.312 Executing VM operation: RevokeBias done
Event: 4000.312 Executing VM operation: RevokeBias
Event: 4000.313 Executing VM operation: RevokeBias done
Event: 4000.313 Executing VM operation: RevokeBias
Event: 4000.313 Executing VM operation: RevokeBias done
Event: 4000.313 Executing VM operation: RevokeBias
Event: 4000.313 Executing VM operation: RevokeBias done
Event: 4000.322 Executing VM operation: RevokeBias
Event: 4000.322 Executing VM operation: RevokeBias done


Dynamic libraries:
0x00007ff7a5640000 - 0x00007ff7a5671000 	C:\Program Files\Android\Android Studio\jre\bin\java.exe
0x00007ffbb2070000 - 0x00007ffbb2240000 	C:\windows\SYSTEM32\ntdll.dll
0x00007ffbb1b80000 - 0x00007ffbb1c2c000 	C:\windows\System32\KERNEL32.DLL
0x00007ffbaeb30000 - 0x00007ffbaed4d000 	C:\windows\System32\KERNELBASE.dll
0x0000000066790000 - 0x0000000066825000 	C:\windows\System32\SYSFER.DLL
0x00007ffbaf610000 - 0x00007ffbaf6b2000 	C:\windows\System32\ADVAPI32.dll
0x00007ffbb12a0000 - 0x00007ffbb133e000 	C:\windows\System32\msvcrt.dll
0x00007ffbb1960000 - 0x00007ffbb19b9000 	C:\windows\System32\sechost.dll
0x00007ffbb1590000 - 0x00007ffbb16b1000 	C:\windows\System32\RPCRT4.dll
0x00007ffbb1f00000 - 0x00007ffbb2065000 	C:\windows\System32\USER32.dll
0x00007ffbae610000 - 0x00007ffbae62e000 	C:\windows\System32\win32u.dll
0x00007ffbb14a0000 - 0x00007ffbb14d4000 	C:\windows\System32\GDI32.dll
0x00007ffbae630000 - 0x00007ffbae7b1000 	C:\windows\System32\gdi32full.dll
0x00007ffba3500000 - 0x00007ffba377a000 	C:\windows\WinSxS\amd64_microsoft.windows.common-controls_6595b64144ccf1df_6.0.14393.2273_none_7de240fc83403786\COMCTL32.dll
0x00007ffbb1c30000 - 0x00007ffbb1ef8000 	C:\windows\System32\combase.dll
0x00007ffbaf490000 - 0x00007ffbaf585000 	C:\windows\System32\ucrtbase.dll
0x00007ffbaf590000 - 0x00007ffbaf5fa000 	C:\windows\System32\bcryptPrimitives.dll
0x00007ffbaf6c0000 - 0x00007ffbaf6ee000 	C:\windows\System32\IMM32.DLL
0x0000000066030000 - 0x0000000066102000 	C:\Program Files\Android\Android Studio\jre\jre\bin\msvcr100.dll
0x00000000655a0000 - 0x0000000065ddf000 	C:\Program Files\Android\Android Studio\jre\jre\bin\server\jvm.dll
0x00007ffbaf600000 - 0x00007ffbaf608000 	C:\windows\System32\PSAPI.DLL
0x00007ffba5ce0000 - 0x00007ffba5ce9000 	C:\windows\SYSTEM32\WSOCK32.dll
0x00007ffbb14f0000 - 0x00007ffbb155a000 	C:\windows\System32\WS2_32.dll
0x00007ffbac820000 - 0x00007ffbac843000 	C:\windows\SYSTEM32\WINMM.dll
0x00007ffbad7e0000 - 0x00007ffbad7ea000 	C:\windows\SYSTEM32\VERSION.dll
0x00007ffbac4f0000 - 0x00007ffbac51b000 	C:\windows\SYSTEM32\WINMMBASE.dll
0x00007ffbaeae0000 - 0x00007ffbaeb22000 	C:\windows\System32\cfgmgr32.dll
0x00007ffba4fc0000 - 0x00007ffba4fcf000 	C:\Program Files\Android\Android Studio\jre\jre\bin\verify.dll
0x00007ffba32e0000 - 0x00007ffba3309000 	C:\Program Files\Android\Android Studio\jre\jre\bin\java.dll
0x00007ffba2210000 - 0x00007ffba2226000 	C:\Program Files\Android\Android Studio\jre\jre\bin\zip.dll
0x00007ffbaf8a0000 - 0x00007ffbb0da5000 	C:\windows\System32\SHELL32.dll
0x00007ffbaed50000 - 0x00007ffbaf429000 	C:\windows\System32\windows.storage.dll
0x00007ffbae500000 - 0x00007ffbae54c000 	C:\windows\System32\powrprof.dll
0x00007ffbb1a20000 - 0x00007ffbb1a72000 	C:\windows\System32\shlwapi.dll
0x00007ffbae550000 - 0x00007ffbae55f000 	C:\windows\System32\kernel.appcore.dll
0x00007ffbae560000 - 0x00007ffbae609000 	C:\windows\System32\shcore.dll
0x00007ffbae4d0000 - 0x00007ffbae4e4000 	C:\windows\System32\profapi.dll
0x00007ffba21f0000 - 0x00007ffba220a000 	C:\Program Files\Android\Android Studio\jre\jre\bin\net.dll
0x00007ffbadda0000 - 0x00007ffbaddfc000 	C:\windows\system32\mswsock.dll
0x00007ffba21d0000 - 0x00007ffba21e1000 	C:\Program Files\Android\Android Studio\jre\jre\bin\nio.dll
0x00007ffba0380000 - 0x00007ffba039e000 	C:\Users\User\.gradle\native\25\windows-amd64\native-platform.dll
0x00007ffba4670000 - 0x00007ffba467d000 	C:\Program Files\Android\Android Studio\jre\jre\bin\management.dll
0x00007ffbadf40000 - 0x00007ffbadf57000 	C:\windows\SYSTEM32\CRYPTSP.dll
0x00007ffbad9a0000 - 0x00007ffbad9d3000 	C:\windows\system32\rsaenh.dll
0x00007ffbae410000 - 0x00007ffbae43b000 	C:\windows\SYSTEM32\bcrypt.dll
0x00007ffbadc20000 - 0x00007ffbadc3f000 	C:\windows\SYSTEM32\USERENV.dll
0x00007ffbadf60000 - 0x00007ffbadf6b000 	C:\windows\SYSTEM32\CRYPTBASE.dll
0x00007ffbadb20000 - 0x00007ffbadb58000 	C:\windows\SYSTEM32\IPHLPAPI.DLL
0x00007ffbb1580000 - 0x00007ffbb1588000 	C:\windows\System32\NSI.dll
0x00007ffbaa410000 - 0x00007ffbaa426000 	C:\windows\SYSTEM32\dhcpcsvc6.DLL
0x00007ffbaa370000 - 0x00007ffbaa38a000 	C:\windows\SYSTEM32\dhcpcsvc.DLL
0x00007ffba0110000 - 0x00007ffba0134000 	C:\Program Files\Android\Android Studio\jre\jre\bin\sunec.dll
0x00007ffbadb70000 - 0x00007ffbadc11000 	C:\windows\SYSTEM32\DNSAPI.dll
0x00007ffba61f0000 - 0x00007ffba61fa000 	C:\Windows\System32\rasadhlp.dll
0x00007ffba6360000 - 0x00007ffba63ca000 	C:\windows\System32\fwpuclnt.dll
0x00007ffba39a0000 - 0x00007ffba39ab000 	C:\Program Files\Android\Android Studio\jre\jre\bin\sunmscapi.dll
0x00007ffbae7c0000 - 0x00007ffbae989000 	C:\windows\System32\CRYPT32.dll
0x00007ffbae4f0000 - 0x00007ffbae500000 	C:\windows\System32\MSASN1.dll
0x00007ffbac950000 - 0x00007ffbac9ca000 	C:\windows\system32\apphelp.dll

VM Arguments:
jvm_args: -Xmx1536m -Dfile.encoding=x-windows-950 -Duser.country=TW -Duser.language=zh -Duser.variant 
java_command: org.gradle.launcher.daemon.bootstrap.GradleDaemon 4.4
java_class_path (initial): C:\Users\User\.gradle\wrapper\dists\gradle-4.4-all\9br9xq1tocpiv8o6njlyu5op1\gradle-4.4\lib\gradle-launcher-4.4.jar
Launcher Type: SUN_STANDARD

Environment Variables:
PATH=C:\Program Files (x86)\Common Files\Oracle\Java\javapath;C:\Program Files (x86)\Intel\Intel(R) Management Engine Components\iCLS\;C:\Program Files\Intel\Intel(R) Management Engine Components\iCLS\;C:\ProgramData\Oracle\Java\javapath;C:\PROGRA~2\Borland\CBUILD~1\Projects\Bpl;C:\PROGRA~2\Borland\CBUILD~1\Bin;C:\windows\system32;C:\windows;C:\windows\System32\Wbem;"C:\Program Files\Java\jdk-10.0.2\bin";C:\Program Files\dotnet\;C:\Program Files (x86)\Common Files\Ulead Systems\MPEG;C:\Program Files (x86)\Common Files\Ulead Systems\DVD;C:\Program Files (x86)\Intel\Intel(R) Management Engine Components\DAL;C:\Program Files\Intel\Intel(R) Management Engine Components\DAL;C:\Program Files (x86)\Intel\Intel(R) Management Engine Components\IPT;C:\Program Files\Intel\Intel(R) Management Engine Components\IPT;C:\Program Files\MATLAB\R2017b\runtime\win64;C:\Program Files\MATLAB\R2017b\bin;C:\Program Files (x86)\Microsoft SQL Server\110\Tools\Binn\;C:\Program Files\Microsoft SQL Server\110\Tools\Binn\;C:\Program Files\Microsoft SQL Server\110\DTS\Binn\;C:\Program Files (x86)\Common Files\AspenTech Shared\;C:\Program Files\Git\cmd;C:\Program Files\Microsoft SQL Server\130\Tools\Binn\;C:\Users\User\AppData\Local\Microsoft\WindowsApps;AspenTech\Aspen Hydraulics;C:\Program Files (x86)\g95\bin
USERNAME=User
OS=Windows_NT
PROCESSOR_IDENTIFIER=Intel64 Family 6 Model 158 Stepping 10, GenuineIntel



---------------  S Y S T E M  ---------------

OS: Windows 10.0 , 64 bit Build 14393 (10.0.14393.2214)

CPU:total 6 (initial active 6) (6 cores per cpu, 1 threads per core) family 6 model 158 stepping 10, cmov, cx8, fxsr, mmx, sse, sse2, sse3, ssse3, sse4.1, sse4.2, popcnt, avx, avx2, clmul, erms, rtm, 3dnowpref, lzcnt, tsc, tscinvbit, bmi1, bmi2, adx

Memory: 4k page, physical 8267268k(701308k free), swap 10364420k(4400k free)

vm_info: OpenJDK 64-Bit Server VM (25.152-b02) for windows-amd64 JRE (1.8.0_152-release-1024-b02), built by "builder" with MS VC++ 10.0 (VS2010)

time: Thu Oct 18 15:43:38 2018
elapsed time: 4000 seconds (0d 1h 6m 40s)

